2017-01-17 01:26:43,682:INFO:Start.
2017-01-17 01:26:43,683:CRITICAL:Invalid URL '145.100.58.111/schemas/xnat/xnat.xsd': No schema supplied. Perhaps you meant http://145.100.58.111/schemas/xnat/xnat.xsd?
2017-01-17 01:27:04,427:INFO:Start.
2017-01-17 01:27:04,437:INFO:Starting new HTTP connection (1): 145.100.58.111
2017-01-17 01:27:05,708:CRITICAL:Project not found in XNAT.
2017-01-17 01:28:16,530:INFO:Start.
2017-01-17 01:28:16,535:INFO:Starting new HTTP connection (1): 145.100.58.111
2017-01-17 01:28:17,905:CRITICAL:Project not found in XNAT.
2017-01-17 01:28:35,623:INFO:Start.
2017-01-17 01:28:35,629:INFO:Starting new HTTP connection (1): 145.100.58.111
2017-01-17 01:28:36,826:CRITICAL:'XNATListing' object has no attribute 'label'
2017-01-17 01:29:01,945:INFO:Start.
2017-01-17 01:29:01,951:INFO:Starting new HTTP connection (1): 145.100.58.111
2017-01-17 01:29:03,268:CRITICAL:Project not found in XNAT.
2017-01-17 01:29:26,253:INFO:Start.
2017-01-17 01:29:26,259:INFO:Starting new HTTP connection (1): 145.100.58.111
2017-01-17 01:29:27,563:INFO:Connection established.
2017-01-17 01:29:30,072:INFO:Data obtained from XNAT.
2017-01-17 01:29:30,072:INFO:New subject: PROOF001	6980.625	2450619.375	2457600.0

2017-01-17 01:29:30,072:INFO:Data written to files.
2017-01-17 01:29:30,072:INFO:Exit.
2017-01-17 03:14:27,536:INFO:Start.
2017-01-17 03:14:48,219:INFO:Start.
2017-01-17 03:14:48,228:INFO:Starting new HTTP connection (1): 145.100.58.111
2017-01-17 03:14:49,781:INFO:Connection established.
2017-01-17 03:14:52,268:INFO:Data obtained from XNAT.
2017-01-17 03:14:52,268:INFO:Data written to files.
2017-01-17 03:14:52,269:INFO:Exit.
2017-01-17 03:17:42,776:INFO:Start.
2017-01-17 03:17:42,782:INFO:Starting new HTTP connection (1): 145.100.58.111
2017-01-17 03:17:44,366:INFO:Connection established.
2017-01-17 03:17:46,915:INFO:Data obtained from XNAT.
2017-01-17 03:17:46,915:INFO:Data written to files.
2017-01-17 03:17:46,915:INFO:Exit.
2017-01-17 04:09:02,353:INFO:Start.
2017-01-17 04:09:02,360:INFO:Starting new HTTP connection (1): 145.100.58.111
2017-01-17 04:09:03,746:INFO:Connection established.
2017-01-17 04:09:06,395:INFO:Data obtained from XNAT.
2017-01-17 04:09:06,395:INFO:Data written to files.
2017-01-17 04:09:06,395:INFO:Exit.
2017-01-17 04:35:11,653:INFO:Start.
2017-01-17 04:35:11,660:INFO:Starting new HTTP connection (1): 145.100.58.111
2017-01-17 04:35:13,136:INFO:Connection established.
2017-01-17 04:35:15,476:INFO:Data obtained from XNAT.
2017-01-17 04:35:15,476:INFO:Data written to files.
2017-01-17 04:35:15,477:INFO:Exit.
2017-01-17 04:48:39,507:INFO:Start.
2017-01-17 04:48:39,515:INFO:Starting new HTTP connection (1): 145.100.58.111
2017-01-17 04:48:40,878:INFO:Connection established.
2017-01-17 04:50:25,940:INFO:Start.
2017-01-17 04:50:25,946:INFO:Starting new HTTP connection (1): 145.100.58.111
2017-01-17 04:50:27,281:INFO:Connection established.
2017-01-17 04:50:50,617:INFO:Start.
2017-01-17 04:50:50,623:INFO:Starting new HTTP connection (1): 145.100.58.111
2017-01-17 04:50:52,201:INFO:Connection established.
2017-01-17 04:50:54,876:INFO:Data obtained from XNAT.
2017-01-17 04:50:54,876:INFO:Data written to files.
2017-01-17 04:50:54,876:INFO:Exit.
2017-01-17 04:50:58,802:INFO:Start.
2017-01-17 04:50:58,808:INFO:Starting new HTTP connection (1): 145.100.58.111
2017-01-17 04:51:00,279:INFO:Connection established.
2017-01-17 04:51:03,025:INFO:Data obtained from XNAT.
2017-01-17 04:51:03,025:INFO:Data written to files.
2017-01-17 04:51:03,025:INFO:Exit.
2017-01-17 04:54:01,864:INFO:Start.
2017-01-17 04:54:01,871:INFO:Starting new HTTP connection (1): 145.100.58.111
2017-01-17 04:54:03,414:INFO:Connection established.
2017-01-17 04:54:57,934:INFO:Start.
2017-01-17 04:54:57,940:INFO:Starting new HTTP connection (1): 145.100.58.111
2017-01-17 04:54:59,459:INFO:Connection established.
2017-01-17 04:55:56,087:INFO:Start.
2017-01-17 04:55:56,093:INFO:Starting new HTTP connection (1): 145.100.58.111
2017-01-17 04:55:57,490:INFO:Connection established.
2017-01-17 04:55:59,779:INFO:Data obtained from XNAT.
2017-01-17 04:55:59,780:INFO:Data written to files.
2017-01-17 04:55:59,781:INFO:Exit.
2017-01-17 04:56:40,978:INFO:Start.
2017-01-17 04:56:40,985:INFO:Starting new HTTP connection (1): 145.100.58.111
2017-01-17 04:56:42,501:INFO:Connection established.
2017-01-17 04:56:44,775:INFO:Data obtained from XNAT.
2017-01-17 04:56:44,776:INFO:Data written to files.
2017-01-17 04:56:44,776:INFO:Exit.
2017-01-17 05:08:08,181:INFO:Start.
2017-01-17 05:08:08,187:INFO:Starting new HTTP connection (1): 145.100.58.111
2017-01-17 05:08:10,195:INFO:Connection established.
2017-01-17 05:08:12,559:INFO:Data obtained from XNAT.
2017-01-17 05:08:12,560:INFO:Data written to files.
2017-01-17 05:08:12,560:INFO:Exit.
2017-01-17 05:10:57,214:INFO:Start.
2017-01-17 05:10:57,220:INFO:Starting new HTTP connection (1): 145.100.58.111
2017-01-17 05:10:58,616:INFO:Connection established.
2017-01-17 05:15:21,148:INFO:Start.
2017-01-17 05:15:21,154:INFO:Starting new HTTP connection (1): 145.100.58.111
2017-01-17 05:15:22,531:INFO:Connection established.
2017-01-17 05:16:27,954:INFO:Start.
2017-01-17 05:16:27,960:INFO:Starting new HTTP connection (1): 145.100.58.111
2017-01-17 05:16:29,263:INFO:Connection established.
2017-01-17 05:16:31,611:INFO:Data obtained from XNAT.
2017-01-17 05:16:31,612:INFO:Data written to files.
2017-01-17 05:16:31,612:INFO:Exit.
2017-01-17 05:18:10,343:INFO:Start.
2017-01-17 05:18:10,349:INFO:Starting new HTTP connection (1): 145.100.58.111
2017-01-17 05:18:11,639:INFO:Connection established.
2017-01-17 05:18:14,123:INFO:Data obtained from XNAT.
2017-01-17 05:18:14,123:INFO:Data written to files.
2017-01-17 05:18:14,123:INFO:Exit.
2017-01-17 05:18:30,228:INFO:Start.
2017-01-17 05:18:30,234:INFO:Starting new HTTP connection (1): 145.100.58.111
2017-01-17 05:18:31,523:INFO:Connection established.
2017-01-17 05:18:48,546:INFO:Start.
2017-01-17 05:18:48,553:INFO:Starting new HTTP connection (1): 145.100.58.111
2017-01-17 05:18:49,846:INFO:Connection established.
2017-01-17 05:18:52,213:INFO:Data obtained from XNAT.
2017-01-17 05:18:52,214:INFO:Data written to files.
2017-01-17 05:18:52,214:INFO:Exit.
2017-01-17 05:19:03,104:INFO:Start.
2017-01-17 05:19:03,109:INFO:Starting new HTTP connection (1): 145.100.58.111
2017-01-17 05:19:04,394:INFO:Connection established.
2017-01-17 05:19:06,899:INFO:Data obtained from XNAT.
2017-01-17 05:19:06,900:INFO:Data written to files.
2017-01-17 05:19:06,900:INFO:Exit.
2017-01-17 05:19:39,388:INFO:Start.
2017-01-17 05:19:39,393:INFO:Starting new HTTP connection (1): 145.100.58.111
2017-01-17 05:19:40,678:INFO:Connection established.
2017-01-17 05:19:42,994:INFO:Data obtained from XNAT.
2017-01-17 05:19:42,995:INFO:Data written to files.
2017-01-17 05:19:42,995:INFO:Exit.
2017-01-17 05:38:17,962:INFO:Start.
2017-01-17 05:38:17,969:INFO:Starting new HTTP connection (1): 145.100.58.111
2017-01-17 05:38:19,563:INFO:Connection established.
2017-01-17 05:38:24,799:INFO:Data obtained from XNAT.
2017-01-17 05:38:24,799:INFO:Data written to files.
2017-01-17 05:38:24,800:INFO:Exit.
2017-01-18 01:37:23,941:INFO:Start.
2017-01-18 01:37:23,947:INFO:Starting new HTTP connection (1): 145.100.58.111
2017-01-18 01:37:24,467:INFO:Connection established.
2017-01-18 01:37:25,902:INFO:Data obtained from XNAT.
2017-01-18 01:37:25,902:INFO:Data written to files.
2017-01-18 01:37:25,903:INFO:Exit.
2017-01-18 01:37:32,875:INFO:Start.
2017-01-18 01:37:32,883:INFO:Starting new HTTP connection (1): 145.100.58.111
2017-01-18 01:37:33,471:INFO:Connection established.
2017-01-18 01:37:34,909:INFO:Data obtained from XNAT.
2017-01-18 01:37:34,909:INFO:Data written to files.
2017-01-18 01:37:34,909:INFO:Exit.
2017-01-18 01:44:37,865:INFO:Start.
2017-01-18 01:44:37,873:INFO:Starting new HTTP connection (1): 145.100.58.111
2017-01-18 01:44:38,474:INFO:Connection established.
2017-01-18 01:44:39,807:CRITICAL:No section: 'Tags'
2017-01-18 01:58:11,641:INFO:Start.
2017-01-18 01:58:11,647:INFO:Starting new HTTP connection (1): 145.100.58.111
2017-01-18 01:58:12,170:INFO:Connection established.
2017-01-18 01:58:13,450:CRITICAL:No section: 'Tags'
2017-01-18 01:58:45,545:INFO:Start.
2017-01-18 01:58:45,545:CRITICAL:Connection config file not found
2017-01-18 01:59:14,162:INFO:Start.
2017-01-18 01:59:14,162:CRITICAL:Connection config file not found
2017-01-18 02:01:02,973:INFO:Start.
2017-01-18 02:01:02,973:CRITICAL:Connection config file not found
2017-01-18 02:01:11,243:INFO:Start.
2017-01-18 02:01:11,249:INFO:Starting new HTTP connection (1): 145.100.58.111
2017-01-18 02:01:11,776:INFO:Connection established.
2017-01-18 02:01:11,777:CRITICAL:No section: 'Study'
2017-01-18 02:05:08,060:INFO:Start.
2017-01-18 02:05:08,067:INFO:Starting new HTTP connection (1): 145.100.58.111
2017-01-18 02:05:08,582:INFO:Connection established.
2017-01-18 02:05:08,582:CRITICAL:Params config file not found
2017-01-18 02:05:22,393:INFO:Start.
2017-01-18 02:05:22,400:INFO:Starting new HTTP connection (1): 145.100.58.111
2017-01-18 02:05:22,947:INFO:Connection established.
2017-01-18 02:05:24,233:CRITICAL:Tags config file not found
2017-01-18 02:09:53,354:INFO:Start.
2017-01-18 02:09:53,361:INFO:Starting new HTTP connection (1): 145.100.58.111
2017-01-18 02:09:53,860:INFO:Connection established.
2017-01-18 02:09:55,332:INFO:Data obtained from XNAT.
2017-01-18 02:09:55,332:INFO:Data written to files.
2017-01-18 02:09:55,332:INFO:Exit.
2017-01-18 02:12:07,443:INFO:Start.
2017-01-18 02:12:07,449:INFO:Starting new HTTP connection (1): 145.100.58.111
2017-01-18 02:12:07,950:INFO:Connection established.
2017-01-18 02:12:09,339:INFO:Data obtained from XNAT.
2017-01-18 02:12:09,340:INFO:Data written to files.
2017-01-18 02:12:09,340:INFO:Exit.
2017-01-18 02:37:52,315:INFO:Start.
2017-01-18 02:37:52,321:INFO:Starting new HTTP connection (1): 145.100.58.111
2017-01-18 02:37:52,810:INFO:Connection established.
2017-01-18 02:37:54,295:INFO:Data obtained from XNAT.
2017-01-18 02:37:54,296:INFO:Data written to files.
2017-01-18 02:37:54,296:INFO:Exit.
2017-01-18 02:38:07,892:INFO:Start.
2017-01-18 02:38:07,898:INFO:Starting new HTTP connection (1): 145.100.58.111
2017-01-18 02:38:08,402:INFO:Connection established.
2017-01-18 02:38:09,872:INFO:Data obtained from XNAT.
2017-01-18 02:38:09,872:INFO:New subject: PROOF001	6980.625	2450619.375	2457600.0

2017-01-18 02:38:09,872:INFO:Data written to files.
2017-01-18 02:38:09,872:INFO:Exit.
2017-01-18 02:42:33,696:INFO:Start.
2017-01-18 02:42:33,702:INFO:Starting new HTTP connection (1): 145.100.58.111
2017-01-18 02:42:34,190:INFO:Connection established.
2017-01-18 02:42:35,610:INFO:Data obtained from XNAT.
2017-01-18 02:42:35,611:INFO:Data written to files.
2017-01-18 02:42:35,611:INFO:Exit.
2017-01-18 02:43:06,786:INFO:Start.
2017-01-18 02:43:06,792:INFO:Starting new HTTP connection (1): 145.100.58.111
2017-01-18 02:43:07,304:INFO:Connection established.
2017-01-18 02:43:08,755:INFO:Data obtained from XNAT.
2017-01-18 02:43:08,756:INFO:Data written to files.
2017-01-18 02:43:08,756:INFO:Exit.
2017-01-18 02:43:48,975:INFO:Start.
2017-01-18 02:43:48,982:INFO:Starting new HTTP connection (1): 145.100.58.111
2017-01-18 02:43:49,513:INFO:Connection established.
2017-01-18 02:43:50,867:INFO:Data obtained from XNAT.
2017-01-18 02:43:50,867:INFO:Data written to files.
2017-01-18 02:43:50,867:INFO:Exit.
2017-01-18 02:44:10,019:INFO:Start.
2017-01-18 02:44:10,025:INFO:Starting new HTTP connection (1): 145.100.58.111
2017-01-18 02:44:10,531:INFO:Connection established.
2017-01-18 02:44:11,979:INFO:Data obtained from XNAT.
2017-01-18 02:44:11,979:INFO:Data written to files.
2017-01-18 02:44:11,979:INFO:Exit.
2017-01-18 02:45:16,553:INFO:Start.
2017-01-18 02:45:16,559:INFO:Starting new HTTP connection (1): 145.100.58.111
2017-01-18 02:45:17,054:INFO:Connection established.
2017-01-18 02:45:18,677:INFO:Data obtained from XNAT.
2017-01-18 02:45:18,677:INFO:Data written to files.
2017-01-18 02:45:18,677:INFO:Exit.
2017-01-18 04:22:09,485:INFO:Start.
2017-01-18 04:22:09,492:INFO:Starting new HTTP connection (1): 145.100.58.111
2017-01-18 04:22:10,008:INFO:Connection established.
2017-01-18 04:22:11,507:INFO:Data obtained from XNAT.
2017-01-18 04:22:11,507:INFO:Data written to files.
2017-01-18 04:22:11,507:INFO:Exit.
2017-01-18 05:24:23,656:INFO:Start.
2017-01-18 05:24:23,662:INFO:Starting new HTTP connection (1): 145.100.58.111
2017-01-18 05:24:24,170:INFO:Connection established.
2017-01-18 05:24:25,546:INFO:Data obtained from XNAT.
2017-01-18 05:24:25,546:INFO:Data written to files.
2017-01-18 05:24:25,546:INFO:Exit.
2017-01-18 05:37:28,983:INFO:Start.
2017-01-18 05:37:28,997:INFO:Starting new HTTP connection (1): 145.100.58.111
2017-01-18 05:37:29,606:INFO:Connection established.
2017-01-18 05:37:31,040:INFO:Data obtained from XNAT.
2017-01-18 05:37:31,040:INFO:Data written to files.
2017-01-18 05:37:31,040:INFO:Exit.
2017-01-18 06:30:20,941:INFO:Start.
2017-01-18 06:30:20,947:INFO:Starting new HTTP connection (1): 145.100.58.111
2017-01-18 06:30:21,478:INFO:Connection established.
2017-01-18 06:30:22,947:INFO:Data obtained from XNAT.
2017-01-18 06:30:22,947:INFO:Data written to files.
2017-01-18 06:30:22,947:INFO:Exit.
2017-01-18 06:32:03,425:INFO:Start.
2017-01-18 06:32:03,431:INFO:Starting new HTTP connection (1): 145.100.58.111
2017-01-18 06:32:03,992:INFO:Connection established.
2017-01-18 06:32:05,459:INFO:Data obtained from XNAT.
2017-01-18 06:32:05,459:INFO:Data written to files.
2017-01-18 06:32:05,459:INFO:Exit.
2017-01-18 06:55:58,973:INFO:Start.
2017-01-18 06:55:58,979:INFO:Starting new HTTP connection (1): 145.100.58.111
2017-01-18 06:55:59,484:INFO:Connection established.
2017-01-18 06:56:00,883:INFO:Data obtained from XNAT.
2017-01-18 06:57:14,241:INFO:Start.
2017-01-18 06:57:14,247:INFO:Starting new HTTP connection (1): 145.100.58.111
2017-01-18 06:57:14,770:INFO:Connection established.
2017-01-18 06:57:16,243:INFO:Data obtained from XNAT.
2017-01-18 06:57:16,243:INFO:New subject: PROOF001	6980.625	2450619.375	2457600.0

2017-01-18 06:57:16,244:INFO:Data written to files.
2017-01-18 06:57:16,244:INFO:Exit.
2017-01-18 06:57:27,708:INFO:Start.
2017-01-18 06:57:27,714:INFO:Starting new HTTP connection (1): 145.100.58.111
2017-01-18 06:57:28,229:INFO:Connection established.
2017-01-18 06:57:29,596:INFO:Data obtained from XNAT.
2017-01-18 06:57:29,596:INFO:Data written to files.
2017-01-18 06:57:29,596:INFO:Exit.
2017-01-19 02:54:26,183:INFO:Start.
2017-01-19 02:54:26,189:INFO:Starting new HTTP connection (1): 145.100.58.111
2017-01-19 02:54:28,401:INFO:Connection established.
2017-01-19 02:54:30,639:INFO:Data obtained from XNAT.
2017-01-19 02:54:30,640:INFO:Data written to files.
2017-01-19 02:54:30,640:INFO:Exit.
